2025-11-30 16:20:41 [Thread-5] INFO  com.imperial.dominio.BitacoraImpl - Usuario ID: 0 | Nombre: admin@ejemplo.com | Accion: Intento de inicio de sesión fallido
2025-11-30 16:20:41 [Thread-5] ERROR com.imperial.dominio.BitacoraImpl - FALLO CRITICO BD: No se pudo insertar en tabla bitacora. Error: Cannot add or update a child row: a foreign key constraint fails (`imperialmotors`.`bitacora`, CONSTRAINT `bitacora_ibfk_1` FOREIGN KEY (`idUsuario`) REFERENCES `usuario` (`idUsuario`) ON DELETE RESTRICT ON UPDATE CASCADE)
2025-11-30 16:20:49 [Thread-6] INFO  com.imperial.dominio.BitacoraImpl - Usuario ID: 0 | Nombre: admin@ejemplo.com | Accion: Intento de inicio de sesión fallido
2025-11-30 16:20:49 [Thread-6] ERROR com.imperial.dominio.BitacoraImpl - FALLO CRITICO BD: No se pudo insertar en tabla bitacora. Error: Cannot add or update a child row: a foreign key constraint fails (`imperialmotors`.`bitacora`, CONSTRAINT `bitacora_ibfk_1` FOREIGN KEY (`idUsuario`) REFERENCES `usuario` (`idUsuario`) ON DELETE RESTRICT ON UPDATE CASCADE)
2025-11-30 16:21:18 [Thread-7] INFO  com.imperial.dominio.BitacoraImpl - Usuario ID: 0 | Nombre: admin@ejemplo.com | Accion: Bloqueo de cuenta por exceso de intentos
2025-11-30 16:21:18 [Thread-8] INFO  com.imperial.dominio.BitacoraImpl - Usuario ID: 0 | Nombre: admin@ejemplo.com | Accion: Intento de inicio de sesión fallido
2025-11-30 16:21:18 [Thread-8] ERROR com.imperial.dominio.BitacoraImpl - FALLO CRITICO BD: No se pudo insertar en tabla bitacora. Error: Cannot add or update a child row: a foreign key constraint fails (`imperialmotors`.`bitacora`, CONSTRAINT `bitacora_ibfk_1` FOREIGN KEY (`idUsuario`) REFERENCES `usuario` (`idUsuario`) ON DELETE RESTRICT ON UPDATE CASCADE)
2025-11-30 16:21:18 [Thread-7] ERROR com.imperial.dominio.BitacoraImpl - FALLO CRITICO BD: No se pudo insertar en tabla bitacora. Error: Cannot add or update a child row: a foreign key constraint fails (`imperialmotors`.`bitacora`, CONSTRAINT `bitacora_ibfk_1` FOREIGN KEY (`idUsuario`) REFERENCES `usuario` (`idUsuario`) ON DELETE RESTRICT ON UPDATE CASCADE)
2025-11-30 16:35:53 [Thread-5] INFO  com.imperial.dominio.BitacoraImpl - Usuario ID: 0 | Nombre: admin@ejemplo | Accion: Intento de inicio de sesión fallido
2025-11-30 16:35:59 [Thread-6] INFO  com.imperial.dominio.BitacoraImpl - Usuario ID: 0 | Nombre: admin@ejemplo | Accion: Intento de inicio de sesión fallido
2025-11-30 16:36:12 [Thread-7] INFO  com.imperial.dominio.BitacoraImpl - Usuario ID: 0 | Nombre: admin@ejemplo | Accion: Bloqueo de cuenta por exceso de intentos
2025-11-30 16:36:12 [Thread-8] INFO  com.imperial.dominio.BitacoraImpl - Usuario ID: 0 | Nombre: admin@ejemplo | Accion: Intento de inicio de sesión fallido
2025-11-30 16:36:19 [Thread-9] INFO  com.imperial.dominio.BitacoraImpl - Usuario ID: 7 | Nombre: Admin | Accion: Inicio de sesión exitoso
2025-11-30 16:36:23 [Thread-155] INFO  com.imperial.dominio.BitacoraImpl - Usuario ID: 7 | Nombre: Admin | Accion: Consulta de Reportes/Bitácora
2025-11-30 18:39:42 [Thread-5] INFO  com.imperial.dominio.BitacoraImpl - Usuario ID: 7 | Nombre: Admin | Accion: Inicio de sesión exitoso
2025-11-30 18:39:45 [Thread-28] INFO  com.imperial.dominio.BitacoraImpl - Usuario ID: 7 | Nombre: Admin | Accion: Consulta de Reportes/Bitácora
2025-11-30 18:40:08 [Thread-34] INFO  com.imperial.dominio.BitacoraImpl - Usuario ID: 7 | Nombre: Admin | Accion: Generó vista previa de reporte: Ventas Mensuales
2025-11-30 18:40:13 [Thread-35] INFO  com.imperial.dominio.BitacoraImpl - Usuario ID: 7 | Nombre: Admin | Accion: Generó vista previa de reporte: Inventario
2025-11-30 18:40:17 [Thread-36] INFO  com.imperial.dominio.BitacoraImpl - Usuario ID: 7 | Nombre: Admin | Accion: Generó vista previa de reporte: KPIs y Anomalías
2025-11-30 18:41:22 [Thread-38] INFO  com.imperial.dominio.BitacoraImpl - Usuario ID: 7 | Nombre: Admin | Accion: Exportó PDF: Ventas Mensuales
2025-11-30 19:00:30 [Thread-5] INFO  com.imperial.dominio.BitacoraImpl - Usuario ID: 7 | Nombre: Admin | Accion: Inicio de sesión exitoso
2025-11-30 19:00:42 [Thread-46] INFO  com.imperial.dominio.BitacoraImpl - Usuario ID: 7 | Nombre: Admin | Accion: Consulta de Reportes/Bitácora
2025-11-30 19:01:04 [Thread-52] INFO  com.imperial.dominio.BitacoraImpl - Usuario ID: 7 | Nombre: Admin | Accion: Generó vista previa: Ventas por Día
2025-11-30 19:01:10 [Thread-53] INFO  com.imperial.dominio.BitacoraImpl - Usuario ID: 7 | Nombre: Admin | Accion: Generó vista previa: Ventas del Mes
2025-11-30 19:01:13 [Thread-54] INFO  com.imperial.dominio.BitacoraImpl - Usuario ID: 7 | Nombre: Admin | Accion: Generó vista previa: Ventas por Semana
2025-11-30 19:01:18 [Thread-55] INFO  com.imperial.dominio.BitacoraImpl - Usuario ID: 7 | Nombre: Admin | Accion: Generó vista previa: Inventario Actual
2025-11-30 19:01:26 [Thread-56] INFO  com.imperial.dominio.BitacoraImpl - Usuario ID: 7 | Nombre: Admin | Accion: Generó vista previa: KPIs y Anomalías
2025-11-30 19:01:31 [Thread-57] INFO  com.imperial.dominio.BitacoraImpl - Usuario ID: 7 | Nombre: Admin | Accion: Generó vista previa: KPIs y Anomalías
2025-11-30 19:01:33 [Thread-58] INFO  com.imperial.dominio.BitacoraImpl - Usuario ID: 7 | Nombre: Admin | Accion: Generó vista previa: KPIs y Anomalías
2025-11-30 19:01:52 [Thread-60] INFO  com.imperial.dominio.BitacoraImpl - Usuario ID: 7 | Nombre: Admin | Accion: Exportó PDF: KPIs y Anomalías
2025-11-30 19:01:57 [Thread-61] INFO  com.imperial.dominio.BitacoraImpl - Usuario ID: 7 | Nombre: Admin | Accion: Generó vista previa: Ventas del Mes
2025-11-30 19:02:04 [Thread-62] INFO  com.imperial.dominio.BitacoraImpl - Usuario ID: 7 | Nombre: Admin | Accion: Exportó PDF: Ventas del Mes
2025-11-30 19:04:21 [Thread-101] INFO  com.imperial.dominio.BitacoraImpl - Usuario ID: 7 | Nombre: Admin | Accion: Consulta de Reportes/Bitácora
2025-11-30 19:29:27 [Thread-5] INFO  com.imperial.dominio.BitacoraImpl - Usuario ID: 0 | Nombre: admin@ejemplo.com | Accion: Intento de inicio de sesión fallido
2025-11-30 19:29:38 [Thread-6] INFO  com.imperial.dominio.BitacoraImpl - Usuario ID: 7 | Nombre: Admin | Accion: Inicio de sesión exitoso
2025-11-30 19:29:46 [Thread-78] INFO  com.imperial.dominio.BitacoraImpl - Usuario ID: 7 | Nombre: Admin | Accion: Consulta de Reportes/Bitácora
2025-11-30 20:00:48 [Thread-5] INFO  com.imperial.dominio.BitacoraImpl - Usuario ID: 7 | Nombre: Admin | Accion: Inicio de sesión exitoso
